<?xml version="1.0" encoding="UTF-8"?>
<!-- Generated by org.testng.reporters.JUnitReportReporter -->
<testsuite hostname="DESKTOP-H7NF6N5" name="First_TestNG.AutoIT" tests="1" failures="0" timestamp="27 Mar 2019 09:06:24 GMT" time="1.498" errors="0">
  <testcase name="file_Upload" time="1.498" classname="First_TestNG.AutoIT"/>
</testsuite> <!-- First_TestNG.AutoIT -->
