<?xml version="1.0" encoding="UTF-8"?>
<!-- Generated by org.testng.reporters.JUnitReportReporter -->
<testsuite hostname="DESKTOP-H7NF6N5" name="First_TestNG.Minimizing_Browser" tests="5" failures="0" timestamp="23 Apr 2019 17:54:35 GMT" time="0.024" errors="0">
  <testcase name="m1" time="0.000" classname="First_TestNG.Minimizing_Browser"/>
  <testcase name="m2" time="0.000" classname="First_TestNG.Minimizing_Browser"/>
  <testcase name="m1" time="0.016" classname="First_TestNG.Minimizing_Browser"/>
  <testcase name="m3" time="0.005" classname="First_TestNG.Minimizing_Browser"/>
  <testcase name="m4" time="0.003" classname="First_TestNG.Minimizing_Browser"/>
</testsuite> <!-- First_TestNG.Minimizing_Browser -->
