<?xml version="1.0" encoding="UTF-8"?>
<!-- Generated by org.testng.reporters.JUnitReportReporter -->
<testsuite skipped="4" hostname="DESKTOP-H7NF6N5" name="First_TestNG.First_Test_Program" tests="4" failures="0" timestamp="22 Feb 2019 17:55:01 GMT" time="0.000" errors="0">
  <testcase name="test_1" time="0.000" classname="First_TestNG.First_Test_Program">
    <skipped/>
  </testcase> <!-- test_1 -->
  <testcase name="test_2" time="0.000" classname="First_TestNG.First_Test_Program">
    <skipped/>
  </testcase> <!-- test_2 -->
  <testcase name="test_3" time="0.000" classname="First_TestNG.First_Test_Program">
    <skipped/>
  </testcase> <!-- test_3 -->
  <testcase name="test_4" time="0.000" classname="First_TestNG.First_Test_Program">
    <skipped/>
  </testcase> <!-- test_4 -->
</testsuite> <!-- First_TestNG.First_Test_Program -->
