<?xml version="1.0" encoding="UTF-8"?>
<!-- Generated by org.testng.reporters.JUnitReportReporter -->
<testsuite hostname="DESKTOP-H7NF6N5" name="First_TestNG.Broken_Links" tests="1" failures="0" timestamp="1 May 2019 13:41:21 GMT" time="0.840" errors="0">
  <testcase name="broken_links" time="0.840" classname="First_TestNG.Broken_Links"/>
</testsuite> <!-- First_TestNG.Broken_Links -->
