<?xml version="1.0" encoding="UTF-8"?>
<!-- Generated by org.testng.reporters.JUnitReportReporter -->
<testsuite skipped="0" hostname="DESKTOP-H7NF6N5" name="First_TestNG.Scroll_Down" tests="1" failures="0" timestamp="26 Feb 2019 18:23:48 GMT" time="0.101" errors="0">
  <testcase name="test" time="0.101" classname="First_TestNG.Scroll_Down"/>
</testsuite> <!-- First_TestNG.Scroll_Down -->
