<?xml version="1.0" encoding="UTF-8"?>
<!-- Generated by org.testng.reporters.JUnitReportReporter -->
<testsuite skipped="0" hostname="DESKTOP-H7NF6N5" name="First_TestNG.Screenshot_Demo" tests="1" failures="0" timestamp="23 Feb 2019 13:21:53 GMT" time="3.067" errors="0">
  <testcase name="facebook_login" time="3.067" classname="First_TestNG.Screenshot_Demo"/>
</testsuite> <!-- First_TestNG.Screenshot_Demo -->
