<?xml version="1.0" encoding="UTF-8"?>
<!-- Generated by org.testng.reporters.JUnitReportReporter -->
<testsuite hostname="DESKTOP-H7NF6N5" name="First_TestNG.Google_Dynamic_Data" tests="1" failures="0" timestamp="1 May 2019 05:14:30 GMT" time="17.676" errors="0">
  <testcase name="test" time="17.676" classname="First_TestNG.Google_Dynamic_Data"/>
</testsuite> <!-- First_TestNG.Google_Dynamic_Data -->
