<?xml version="1.0" encoding="UTF-8"?>
<!-- Generated by org.testng.reporters.JUnitReportReporter -->
<testsuite hostname="DESKTOP-H7NF6N5" name="First_TestNG.Data_Provider" tests="3" failures="0" timestamp="20 Mar 2019 19:03:05 GMT" time="40.579" errors="0">
  <testcase name="facebook_login" time="12.842" classname="First_TestNG.Data_Provider"/>
  <testcase name="facebook_login" time="14.436" classname="First_TestNG.Data_Provider"/>
  <testcase name="facebook_login" time="13.301" classname="First_TestNG.Data_Provider"/>
</testsuite> <!-- First_TestNG.Data_Provider -->
