<?xml version="1.0" encoding="UTF-8"?>
<!-- Generated by org.testng.reporters.JUnitReportReporter -->
<testsuite skipped="0" hostname="DESKTOP-H7NF6N5" name="First_TestNG.Windows_Handle" tests="1" failures="0" timestamp="23 Feb 2019 15:21:57 GMT" time="1.777" errors="0">
  <testcase name="window_Handle" time="1.777" classname="First_TestNG.Windows_Handle"/>
</testsuite> <!-- First_TestNG.Windows_Handle -->
