<?xml version="1.0" encoding="UTF-8"?>
<!-- Generated by org.testng.reporters.JUnitReportReporter -->
<testsuite skipped="0" hostname="DESKTOP-H7NF6N5" name="First_TestNG.Config_Facebook" tests="1" failures="0" timestamp="26 Feb 2019 16:04:56 GMT" time="0.875" errors="0">
  <testcase name="facebook_login" time="0.875" classname="First_TestNG.Config_Facebook"/>
</testsuite> <!-- First_TestNG.Config_Facebook -->
