<?xml version="1.0" encoding="UTF-8"?>
<!-- Generated by org.testng.reporters.JUnitReportReporter -->
<testsuite hostname="DESKTOP-H7NF6N5" name="First_TestNG.log4j" tests="1" failures="0" timestamp="1 May 2019 06:36:01 GMT" time="3.010" errors="0">
  <testcase name="facebook_login" time="3.010" classname="First_TestNG.log4j"/>
</testsuite> <!-- First_TestNG.log4j -->
