<?xml version="1.0" encoding="UTF-8"?>
<!-- Generated by org.testng.reporters.JUnitReportReporter -->
<testsuite skipped="1" hostname="DESKTOP-H7NF6N5" name="First_TestNG.Multiple_Suit_Flipkart" tests="1" failures="0" timestamp="22 Feb 2019 17:55:01 GMT" time="0.000" errors="0">
  <testcase name="search_product" time="0.000" classname="First_TestNG.Multiple_Suit_Flipkart">
    <skipped/>
  </testcase> <!-- search_product -->
</testsuite> <!-- First_TestNG.Multiple_Suit_Flipkart -->
