<?xml version="1.0" encoding="UTF-8"?>
<!-- Generated by org.testng.reporters.JUnitReportReporter -->
<testsuite hostname="DESKTOP-H7NF6N5" name="First_TestNG.Find_Elements" tests="1" failures="0" timestamp="1 May 2019 05:26:32 GMT" time="0.284" errors="0">
  <testcase name="find_Elements" time="0.284" classname="First_TestNG.Find_Elements"/>
</testsuite> <!-- First_TestNG.Find_Elements -->
