<?xml version="1.0" encoding="UTF-8"?>
<!-- Generated by org.testng.reporters.JUnitReportReporter -->
<testsuite skipped="0" hostname="DESKTOP-H7NF6N5" name="First_TestNG.Multiple_Suit" tests="1" failures="0" timestamp="22 Feb 2019 14:22:18 GMT" time="0.150" errors="0">
  <testcase name="login" time="0.150" classname="First_TestNG.Multiple_Suit"/>
</testsuite> <!-- First_TestNG.Multiple_Suit -->
