<?xml version="1.0" encoding="UTF-8"?>
<!-- Generated by org.testng.reporters.JUnitReportReporter -->
<testsuite hostname="DESKTOP-H7NF6N5" name="First_TestNG.CrossBrowser_Testing" tests="2" failures="0" timestamp="20 Mar 2019 14:50:35 GMT" time="27.991" errors="0">
  <testcase name="test" time="3.856" classname="First_TestNG.CrossBrowser_Testing"/>
  <testcase name="test" time="24.135" classname="First_TestNG.CrossBrowser_Testing"/>
</testsuite> <!-- First_TestNG.CrossBrowser_Testing -->
