<?xml version="1.0" encoding="UTF-8"?>
<!-- Generated by org.testng.reporters.JUnitReportReporter -->
<testsuite skipped="0" hostname="DESKTOP-H7NF6N5" name="First_TestNG.Implicit_Wait" tests="1" failures="0" timestamp="24 Feb 2019 16:59:12 GMT" time="0.029" errors="0">
  <testcase name="implicit_wait" time="0.029" classname="First_TestNG.Implicit_Wait"/>
</testsuite> <!-- First_TestNG.Implicit_Wait -->
