<?xml version="1.0" encoding="UTF-8"?>
<!-- Generated by org.testng.reporters.JUnitReportReporter -->
<testsuite skipped="0" hostname="DESKTOP-H7NF6N5" name="First_TestNG.Daily_Demo" tests="1" failures="0" timestamp="01 Mar 2019 18:59:16 GMT" time="0.929" errors="0">
  <testcase name="test_PopUp" time="0.929" classname="First_TestNG.Daily_Demo"/>
</testsuite> <!-- First_TestNG.Daily_Demo -->
