<?xml version="1.0" encoding="UTF-8"?>
<!-- Generated by org.testng.reporters.JUnitReportReporter -->
<testsuite skipped="2" hostname="DESKTOP-H7NF6N5" name="First_TestNG.Page_Validation" tests="2" failures="0" timestamp="22 Feb 2019 17:55:01 GMT" time="0.000" errors="0">
  <testcase name="support" time="0.000" classname="First_TestNG.Page_Validation">
    <skipped/>
  </testcase> <!-- support -->
  <testcase name="register" time="0.000" classname="First_TestNG.Page_Validation">
    <skipped/>
  </testcase> <!-- register -->
</testsuite> <!-- First_TestNG.Page_Validation -->
