<?xml version="1.0" encoding="UTF-8"?>
<!-- Generated by org.testng.reporters.JUnitReportReporter -->
<testsuite skipped="0" hostname="DESKTOP-H7NF6N5" name="First_TestNG.Config_Demo" tests="1" failures="0" timestamp="26 Feb 2019 15:04:42 GMT" time="23.445" errors="0">
  <testcase name="config" time="23.445" classname="First_TestNG.Config_Demo"/>
</testsuite> <!-- First_TestNG.Config_Demo -->
